<?xml version="1.0" encoding="UTF-8"?>
<testng-results ignored="2" total="3" passed="1" failed="0" skipped="0">
  <reporter-output>
  </reporter-output>
  <suite started-at="2024-06-21T13:14:58 IST" name="Default suite" finished-at="2024-06-21T13:16:21 IST" duration-ms="82862">
    <groups>
      <group name="Regression Testing">
        <method signature="CreateContactTest.createContactWithOrgTest()[pri:0, instance:com.comcast.crm.contacttest.CreateContactTest@5890e879]" name="createContactWithOrgTest" class="com.comcast.crm.contacttest.CreateContactTest"/>
      </group> <!-- Regression Testing -->
    </groups>
    <test started-at="2024-06-21T13:14:58 IST" name="Default test" finished-at="2024-06-21T13:16:21 IST" duration-ms="82862">
      <class name="com.comcast.crm.contacttest.CreateContactTest">
        <test-method is-config="true" signature="configBS()[pri:0, instance:com.comcast.crm.contacttest.CreateContactTest@5890e879]" started-at="2024-06-21T13:14:57 IST" name="configBS" finished-at="2024-06-21T13:14:58 IST" duration-ms="768" status="PASS">
          <reporter-output>
          </reporter-output>
        </test-method> <!-- configBS -->
        <test-method is-config="true" signature="configBC()[pri:0, instance:com.comcast.crm.contacttest.CreateContactTest@5890e879]" started-at="2024-06-21T13:14:58 IST" name="configBC" finished-at="2024-06-21T13:15:11 IST" duration-ms="13019" status="PASS">
          <reporter-output>
          </reporter-output>
        </test-method> <!-- configBC -->
        <test-method is-config="true" signature="configBM()[pri:0, instance:com.comcast.crm.contacttest.CreateContactTest@5890e879]" started-at="2024-06-21T13:15:11 IST" name="configBM" finished-at="2024-06-21T13:15:33 IST" duration-ms="21381" status="PASS">
          <reporter-output>
          </reporter-output>
        </test-method> <!-- configBM -->
        <test-method signature="createContactWithOrgTest()[pri:0, instance:com.comcast.crm.contacttest.CreateContactTest@5890e879]" started-at="2024-06-21T13:15:33 IST" name="createContactWithOrgTest" finished-at="2024-06-21T13:16:18 IST" duration-ms="45545" status="PASS">
          <reporter-output>
          </reporter-output>
        </test-method> <!-- createContactWithOrgTest -->
        <test-method is-config="true" signature="configAM()[pri:0, instance:com.comcast.crm.contacttest.CreateContactTest@5890e879]" started-at="2024-06-21T13:16:18 IST" name="configAM" finished-at="2024-06-21T13:16:20 IST" duration-ms="2063" status="PASS">
          <reporter-output>
          </reporter-output>
        </test-method> <!-- configAM -->
        <test-method is-config="true" signature="configAC()[pri:0, instance:com.comcast.crm.contacttest.CreateContactTest@5890e879]" started-at="2024-06-21T13:16:20 IST" name="configAC" finished-at="2024-06-21T13:16:21 IST" duration-ms="723" status="PASS">
          <reporter-output>
          </reporter-output>
        </test-method> <!-- configAC -->
        <test-method is-config="true" signature="configAs()[pri:0, instance:com.comcast.crm.contacttest.CreateContactTest@5890e879]" started-at="2024-06-21T13:16:21 IST" name="configAs" finished-at="2024-06-21T13:16:21 IST" duration-ms="0" status="PASS">
          <reporter-output>
          </reporter-output>
        </test-method> <!-- configAs -->
      </class> <!-- com.comcast.crm.contacttest.CreateContactTest -->
    </test> <!-- Default test -->
  </suite> <!-- Default suite -->
</testng-results>
