<?xml version="1.0" encoding="UTF-8"?>
<!-- Generated by org.testng.reporters.JUnitXMLReporter -->
<testsuite ignored="2" hostname="DESKTOP-ROIRK3H" failures="0" tests="6" name="Test" time="375.664" errors="0" timestamp="2024-06-14T12:22:21 IST">
  <testcase classname="com.comcast.crm.contacttest.CreateContactTest" name="createContactTest" time="44.087"/>
  <testcase classname="com.comcast.crm.contacttest.CreateContactTest" name="createContactWithOrgTest" time="72.075"/>
  <testcase classname="com.comcast.crm.contacttest.CreateContactTest" name="createContactWithSupportDateTest" time="34.761"/>
  <testcase classname="com.comcast.crm.organizationTest.CreateOrganizationTest" name="CreateOrganizationWithIndustryTest" time="41.552"/>
  <testcase classname="com.comcast.crm.organizationTest.CreateOrganizationTest" name="CreateOrganizationWithPhoneTest" time="35.216"/>
  <testcase classname="com.comcast.crm.organizationTest.CreateOrganizationTest" name="createOrgTest" time="35.75"/>
  <testcase classname="com.comcast.crm.generic.baseutility.BaseClass" name="@AfterSuite configAs" time="0.0">
    <ignored/>
  </testcase> <!-- @AfterSuite configAs -->
  <testcase classname="com.comcast.crm.generic.baseutility.BaseClass" name="@BeforeSuite configBS" time="0.0">
    <ignored/>
  </testcase> <!-- @BeforeSuite configBS -->
</testsuite> <!-- Test -->
