<?xml version="1.0" encoding="UTF-8"?>
<!-- Generated by org.testng.reporters.JUnitXMLReporter -->
<testsuite ignored="2" hostname="DESKTOP-UU0A01F" failures="0" tests="1" name="Test" time="35.842" errors="0" timestamp="2024-06-18T15:23:00 IST">
  <testcase classname="com.comcast.crm.contacttest.Create_ContactTest" name="createConatctTest" time="18.353"/>
  <testcase classname="com.comcast.crm.contacttest.Create_ContactTest" name="createContactWithSupportDate" time="0.0">
    <ignored/>
  </testcase> <!-- createContactWithSupportDate -->
  <testcase classname="com.comcast.crm.contacttest.Create_ContactTest" name="CreateContactWithOrgTest" time="0.0">
    <ignored/>
  </testcase> <!-- CreateContactWithOrgTest -->
</testsuite> <!-- Test -->
